<?xml version="1.0" encoding="UTF-8"?>
<robot generator="Robot 3.2.2 (Python 3.8.5 on win32)" generated="20201026 14:19:10.222" rpa="false">
<suite id="s1" name="DDT1" source="D:\HoaLD20\Python\DDTRobotandSelenium\DDT1.robot">
<kw name="Open Browser" library="login_resource" type="setup">
<kw>
<assign>
<var>${Login url}</var>
<var>${Browser}</var>
</assign>
<msg timestamp="20201026 14:19:10.252" level="FAIL">Keyword name cannot be empty.</msg>
<status status="FAIL" starttime="20201026 14:19:10.252" endtime="20201026 14:19:10.252"></status>
</kw>
<status status="FAIL" starttime="20201026 14:19:10.252" endtime="20201026 14:19:10.252"></status>
</kw>
<test id="s1-t1" name="test1">
<status status="FAIL" starttime="20201026 14:19:10.252" endtime="20201026 14:19:10.253" critical="yes">Parent suite setup failed:
Keyword name cannot be empty.</status>
</test>
<test id="s1-t2" name="right login">
<status status="FAIL" starttime="20201026 14:19:10.253" endtime="20201026 14:19:10.254" critical="yes">Parent suite setup failed:
Keyword name cannot be empty.</status>
</test>
<kw name="Close Browser" library="login_resource" type="teardown">
<kw name="close all browers">
<msg timestamp="20201026 14:19:10.256" level="FAIL">No keyword with name 'close all browers' found.</msg>
<status status="FAIL" starttime="20201026 14:19:10.256" endtime="20201026 14:19:10.256"></status>
</kw>
<status status="FAIL" starttime="20201026 14:19:10.255" endtime="20201026 14:19:10.256">No keyword with name 'close all browers' found.</status>
</kw>
<status status="FAIL" starttime="20201026 14:19:10.224" endtime="20201026 14:19:10.256">Suite setup failed:
Keyword name cannot be empty.

Also suite teardown failed:
No keyword with name 'close all browers' found.</status>
</suite>
<statistics>
<total>
<stat pass="0" fail="2">Critical Tests</stat>
<stat pass="0" fail="2">All Tests</stat>
</total>
<tag>
</tag>
<suite>
<stat pass="0" fail="2" id="s1" name="DDT1">DDT1</stat>
</suite>
</statistics>
<errors>
<msg timestamp="20201026 14:19:10.246" level="ERROR">Error in file 'D:\HoaLD20\Python\DDTRobotandSelenium\DDT1.robot' on line 2: Importing test library 'Selenium' failed: ModuleNotFoundError: No module named 'Selenium'
Traceback (most recent call last):
  None
PYTHONPATH:
  D:\HoaLD20\Python\DDTRobotandSelenium\venv\Scripts\robot.exe
  C:\Users\root\AppData\Local\Programs\Python\Python38\python38.zip
  C:\Users\root\AppData\Local\Programs\Python\Python38\DLLs
  C:\Users\root\AppData\Local\Programs\Python\Python38\lib
  C:\Users\root\AppData\Local\Programs\Python\Python38
  d:\hoald20\python\ddtrobotandselenium\venv
  d:\hoald20\python\ddtrobotandselenium\venv\lib\site-packages</msg>
<msg timestamp="20201026 14:19:10.248" level="ERROR">Error in file 'D:\HoaLD20\Python\DDTRobotandSelenium\login_resource.robot' on line 5: Invalid variable name '${Login url} http://localhost:8080/login.jsp'.</msg>
<msg timestamp="20201026 14:19:10.251" level="ERROR">Error in file 'D:\HoaLD20\Python\DDTRobotandSelenium\login_resource.robot' on line 2: Importing test library 'SeleniumLirary' failed: ModuleNotFoundError: No module named 'SeleniumLirary'
Traceback (most recent call last):
  None
PYTHONPATH:
  D:\HoaLD20\Python\DDTRobotandSelenium\venv\Scripts\robot.exe
  C:\Users\root\AppData\Local\Programs\Python\Python38\python38.zip
  C:\Users\root\AppData\Local\Programs\Python\Python38\DLLs
  C:\Users\root\AppData\Local\Programs\Python\Python38\lib
  C:\Users\root\AppData\Local\Programs\Python\Python38
  d:\hoald20\python\ddtrobotandselenium\venv
  d:\hoald20\python\ddtrobotandselenium\venv\lib\site-packages</msg>
</errors>
</robot>
